1(1 minutes ago)
1(1 minutes ago)
1(1 minutes ago)
1(1 minutes ago)
1(1 minutes ago)
1(1 minutes ago)
1(1 minutes ago)
1(1 minutes ago)
1(1 minutes ago)
1(1 minutes ago)
1(1 minutes ago)
1(1 minutes ago)
1(1 minutes ago)
1(1 minutes ago)
1(1 minutes ago)
1(1 minutes ago)
1(1 minutes ago)
1(1 minutes ago)
1(1 minutes ago)
1(1 minutes ago)
1(1 minutes ago)
1(1 minutes ago)
1(1 minutes ago)
1(1 minutes ago)
1(1 minutes ago)
1(1 minutes ago)
1(1 minutes ago)
1(1 minutes ago)
1(1 minutes ago)
1(1 minutes ago)
1(1 minutes ago)
1(1 minutes ago)
1(1 minutes ago)
1(1 minutes ago)
1(1 minutes ago)
1(1 minutes ago)
1(1 minutes ago)
1(1 minutes ago)
1(1 minutes ago)
1(1 minutes ago)
1(1 minutes ago)
1(1 minutes ago)
1(1 minutes ago)
1(1 minutes ago)
1(1 minutes ago)
1(1 minutes ago)
1(1 minutes ago)
1(1 minutes ago)
1(1 minutes ago)
1(1 minutes ago)
1(1 minutes ago)
1(1 minutes ago)
1(1 minutes ago)
1(1 minutes ago)
1(1 minutes ago)
1(1 minutes ago)
1(1 minutes ago)
1(1 minutes ago)
1(1 minutes ago)
1(1 minutes ago)
1(1 minutes ago)
1(1 minutes ago)
1(1 minutes ago)
1(1 minutes ago)
1(1 minutes ago)
1(1 minutes ago)
1(1 minutes ago)
1(1 minutes ago)
1(1 minutes ago)
1(1 minutes ago)
1(1 minutes ago)
1(1 minutes ago)
1(1 minutes ago)
1(1 minutes ago)
1(1 minutes ago)
1(1 minutes ago)
1(1 minutes ago)
1(1 minutes ago)
1(1 minutes ago)
1(1 minutes ago)
1(1 minutes ago)
1(1 minutes ago)
1(1 minutes ago)
1(1 minutes ago)
1(59 seconds ago)
1(59 seconds ago)
1(59 seconds ago)
1(57 seconds ago)
1(57 seconds ago)
1(56 seconds ago)
1(55 seconds ago)
1(55 seconds ago)
1(54 seconds ago)
1(54 seconds ago)
1(54 seconds ago)
1(53 seconds ago)
1(53 seconds ago)
1(52 seconds ago)
1(52 seconds ago)
1(52 seconds ago)
1(51 seconds ago)
1(51 seconds ago)
1(50 seconds ago)
1(50 seconds ago)
1(50 seconds ago)
1(49 seconds ago)
1(49 seconds ago)
1(48 seconds ago)
1(48 seconds ago)
1(47 seconds ago)
1(47 seconds ago)
1(47 seconds ago)
1(46 seconds ago)
1(46 seconds ago)
1(46 seconds ago)
1(45 seconds ago)
1(45 seconds ago)
1(44 seconds ago)
1(44 seconds ago)
1(44 seconds ago)
1(43 seconds ago)
1(43 seconds ago)
1(42 seconds ago)
1(42 seconds ago)
1(41 seconds ago)
1(41 seconds ago)
1(41 seconds ago)
1(41 seconds ago)
1(40 seconds ago)
1(40 seconds ago)
1(39 seconds ago)
1(39 seconds ago)
1(39 seconds ago)
1(38 seconds ago)
1(38 seconds ago)
1(38 seconds ago)
1(38 seconds ago)
1(38 seconds ago)
1(37 seconds ago)
1(37 seconds ago)
1(37 seconds ago)
1(37 seconds ago)
1(37 seconds ago)
1(36 seconds ago)
1(36 seconds ago)
1(36 seconds ago)
1(36 seconds ago)
1(36 seconds ago)
1(36 seconds ago)
1(36 seconds ago)
1(35 seconds ago)
1(35 seconds ago)
1(35 seconds ago)
1(35 seconds ago)
1(35 seconds ago)
1(35 seconds ago)
1(34 seconds ago)
1(34 seconds ago)
1(34 seconds ago)
1(34 seconds ago)
1(34 seconds ago)
1(34 seconds ago)
1(34 seconds ago)
1(33 seconds ago)
1(33 seconds ago)
1(33 seconds ago)
1(33 seconds ago)
1(33 seconds ago)
1(32 seconds ago)
1(32 seconds ago)
1(32 seconds ago)
1(32 seconds ago)
1(32 seconds ago)
1(32 seconds ago)
1(32 seconds ago)
1(31 seconds ago)
1(31 seconds ago)
1(31 seconds ago)
1(31 seconds ago)
1(31 seconds ago)
1(31 seconds ago)
1(31 seconds ago)
1(30 seconds ago)
1(30 seconds ago)
1(30 seconds ago)
1(30 seconds ago)
1(30 seconds ago)
1(30 seconds ago)
1(29 seconds ago)
1(29 seconds ago)
1(29 seconds ago)
1(29 seconds ago)
1(29 seconds ago)
1(29 seconds ago)
1(29 seconds ago)
1(28 seconds ago)
1(28 seconds ago)
1(28 seconds ago)
1(28 seconds ago)
1(28 seconds ago)
1(28 seconds ago)
1(28 seconds ago)
1(27 seconds ago)
1(27 seconds ago)
1(27 seconds ago)
1(27 seconds ago)
1(27 seconds ago)
1(27 seconds ago)
1(27 seconds ago)
1(27 seconds ago)
1(26 seconds ago)
1(26 seconds ago)
1(26 seconds ago)
1(26 seconds ago)
1(26 seconds ago)
1(26 seconds ago)
1(26 seconds ago)
1(25 seconds ago)
1(25 seconds ago)
1(25 seconds ago)
1(25 seconds ago)
1(25 seconds ago)
1(25 seconds ago)
1(24 seconds ago)
1(24 seconds ago)
1(24 seconds ago)
1(24 seconds ago)
1(24 seconds ago)
1(24 seconds ago)
1(24 seconds ago)
1(24 seconds ago)
1(24 seconds ago)
1(24 seconds ago)
1(23 seconds ago)
1(23 seconds ago)
1(23 seconds ago)
1(23 seconds ago)
1(23 seconds ago)
1(23 seconds ago)
1(23 seconds ago)
1(23 seconds ago)
1(23 seconds ago)
1(23 seconds ago)
1(23 seconds ago)
1(22 seconds ago)
1(22 seconds ago)
1(22 seconds ago)
1(22 seconds ago)
1(22 seconds ago)
1(22 seconds ago)
1(22 seconds ago)
1(22 seconds ago)
1(21 seconds ago)
1(21 seconds ago)
1(21 seconds ago)
1(21 seconds ago)
1(21 seconds ago)
1(21 seconds ago)
1(21 seconds ago)
1(21 seconds ago)
1(21 seconds ago)
1(21 seconds ago)
1(21 seconds ago)
1(20 seconds ago)
1(20 seconds ago)
1(20 seconds ago)
1(20 seconds ago)
1(20 seconds ago)
1(20 seconds ago)
1(20 seconds ago)
1(20 seconds ago)
1(20 seconds ago)
1(20 seconds ago)
